"Z:/Unreal Projects/Icarus/Content/DarkDante/DarkDantes_Wicked_PickAxe_and_Hammer/Icons/T_ITM_Hammer_DarkDante.uasset" 0
"Z:/Unreal Projects/Icarus/Content/DarkDante/DarkDantes_Wicked_PickAxe_and_Hammer/Icons/T_ITM_Hammer_DarkDante.uexp" 1
"Z:/Unreal Projects/Icarus/Content/DarkDante/DarkDantes_Wicked_PickAxe_and_Hammer/Icons/T_ITM_Hammer_DarkDante.ubulk" 2
"Z:/Unreal Projects/Icarus/Content/DarkDante/DarkDantes_Wicked_PickAxe_and_Hammer/Textures/T_ITM_Hammer_DarkDante_RMA.uasset" 3
"Z:/Unreal Projects/Icarus/Content/DarkDante/DarkDantes_Wicked_PickAxe_and_Hammer/Textures/T_ITM_Hammer_DarkDante_RMA.uexp" 4
"Z:/Unreal Projects/Icarus/Content/DarkDante/DarkDantes_Wicked_PickAxe_and_Hammer/Textures/T_ITM_Hammer_DarkDante_N.uasset" 5
"Z:/Unreal Projects/Icarus/Content/DarkDante/DarkDantes_Wicked_PickAxe_and_Hammer/Textures/T_ITM_Hammer_DarkDante_N.uexp" 6
"Z:/Unreal Projects/Icarus/Content/DarkDante/DarkDantes_Wicked_PickAxe_and_Hammer/Textures/T_ITM_Hammer_DarkDante_A.uasset" 7
"Z:/Unreal Projects/Icarus/Content/DarkDante/DarkDantes_Wicked_PickAxe_and_Hammer/Textures/T_ITM_Hammer_DarkDante_A.uexp" 8
"Z:/Unreal Projects/Icarus/Content/DarkDante/DarkDantes_Wicked_PickAxe_and_Hammer/Meshes/M_ITM_Hammer_DarkDante.uasset" 9
"Z:/Unreal Projects/Icarus/Content/DarkDante/DarkDantes_Wicked_PickAxe_and_Hammer/Meshes/M_ITM_Hammer_DarkDante.uexp" 10
"Z:/Unreal Projects/Icarus/Content/DarkDante/DarkDantes_Wicked_PickAxe_and_Hammer/Meshes/SK_ITM_Hammer_DarkDante_Skeleton.uasset" 11
"Z:/Unreal Projects/Icarus/Content/DarkDante/DarkDantes_Wicked_PickAxe_and_Hammer/Meshes/SK_ITM_Hammer_DarkDante_Skeleton.uexp" 12
"Z:/Unreal Projects/Icarus/Content/DarkDante/DarkDantes_Wicked_PickAxe_and_Hammer/Meshes/SK_ITM_Hammer_DarkDante_PhysicsAsset.uasset" 13
"Z:/Unreal Projects/Icarus/Content/DarkDante/DarkDantes_Wicked_PickAxe_and_Hammer/Meshes/SK_ITM_Hammer_DarkDante_PhysicsAsset.uexp" 14
"Z:/Unreal Projects/Icarus/Content/DarkDante/DarkDantes_Wicked_PickAxe_and_Hammer/Meshes/SK_ITM_Hammer_DarkDante.uasset" 15
"Z:/Unreal Projects/Icarus/Content/DarkDante/DarkDantes_Wicked_PickAxe_and_Hammer/Meshes/SK_ITM_Hammer_DarkDante.uexp" 16
"../../../Engine/Content/EngineMaterials/T_Default_Material_Grid_N.uasset" 17
"../../../Engine/Content/EngineMaterials/T_Default_Material_Grid_N.uexp" 18
"../../../Engine/Content/EngineMaterials/T_Default_Material_Grid_N.ubulk" 19
"../../../Engine/Content/EngineMaterials/T_Default_Material_Grid_M.uasset" 20
"../../../Engine/Content/EngineMaterials/T_Default_Material_Grid_M.uexp" 21
"../../../Engine/Content/EngineMaterials/T_Default_Material_Grid_M.ubulk" 22
"../../../Engine/Content/Functions/Engine_MaterialFunctions01/Opacity/CameraDepthFade.uasset" 23
"../../../Engine/Content/Functions/Engine_MaterialFunctions01/Opacity/CameraDepthFade.uexp" 24
"../../../Engine/Content/EngineMaterials/WorldGridMaterial.uasset" 25
"../../../Engine/Content/EngineMaterials/WorldGridMaterial.uexp" 26
"../../../Engine/Content/ArtTools/RenderToTexture/Meshes/S_1_Unit_Plane.uasset" 27
"../../../Engine/Content/ArtTools/RenderToTexture/Meshes/S_1_Unit_Plane.uexp" 28
"../../../Engine/Content/EngineMaterials/DefaultMaterial.uasset" 29
"../../../Engine/Content/EngineMaterials/DefaultMaterial.uexp" 30
"../../../Engine/Content/BasicShapes/Cone.uasset" 31
"../../../Engine/Content/BasicShapes/Cone.uexp" 32
"../../../Engine/Content/BasicShapes/Cube.uasset" 33
"../../../Engine/Content/BasicShapes/Cube.uexp" 34
"../../../Engine/Content/BasicShapes/Plane.uasset" 35
"../../../Engine/Content/BasicShapes/Plane.uexp" 36
"../../../Engine/Content/BasicShapes/Sphere.uasset" 37
"../../../Engine/Content/BasicShapes/Sphere.uexp" 38
"../../../Engine/Content/EditorLandscapeResources/DataLayer.uasset" 39
"../../../Engine/Content/EditorLandscapeResources/DataLayer.uexp" 40
"../../../Engine/Content/EditorLandscapeResources/DefaultAlphaTexture.uasset" 41
"../../../Engine/Content/EditorLandscapeResources/DefaultAlphaTexture.uexp" 42
"../../../Engine/Content/EditorMaterials/MAT_Groups_Toggle.uasset" 43
"../../../Engine/Content/EditorMaterials/MAT_Groups_Toggle.uexp" 44
"../../../Engine/Content/EditorMaterials/MAT_Groups_Visibility.uasset" 45
"../../../Engine/Content/EditorMaterials/MAT_Groups_Visibility.uexp" 46
"../../../Engine/Content/EditorMaterials/PreviewShadowIndicator.uasset" 47
"../../../Engine/Content/EditorMaterials/PreviewShadowIndicator.uexp" 48
"../../../Engine/Content/EditorMaterials/PreviewShadowIndicator.ubulk" 49
"../../../Engine/Content/EditorMaterials/PreviewShadowIndicatorMaterial.uasset" 50
"../../../Engine/Content/EditorMaterials/PreviewShadowIndicatorMaterial.uexp" 51
"../../../Engine/Content/EditorMaterials/MatineeGroups/MAT_ColorTrack.uasset" 52
"../../../Engine/Content/EditorMaterials/MatineeGroups/MAT_ColorTrack.uexp" 53
"../../../Engine/Content/EditorMaterials/MatineeGroups/MAT_Groups_Anim.uasset" 54
"../../../Engine/Content/EditorMaterials/MatineeGroups/MAT_Groups_Anim.uexp" 55
"../../../Engine/Content/EditorMaterials/MatineeGroups/MAT_Groups_AudioMaster.uasset" 56
"../../../Engine/Content/EditorMaterials/MatineeGroups/MAT_Groups_AudioMaster.uexp" 57
"../../../Engine/Content/EditorMaterials/MatineeGroups/MAT_Groups_Director.uasset" 58
"../../../Engine/Content/EditorMaterials/MatineeGroups/MAT_Groups_Director.uexp" 59
"../../../Engine/Content/EditorMaterials/MatineeGroups/MAT_Groups_Event.uasset" 60
"../../../Engine/Content/EditorMaterials/MatineeGroups/MAT_Groups_Event.uexp" 61
"../../../Engine/Content/EditorMaterials/MatineeGroups/MAT_Groups_Fade.uasset" 62
"../../../Engine/Content/EditorMaterials/MatineeGroups/MAT_Groups_Fade.uexp" 63
"../../../Engine/Content/EditorMaterials/MatineeGroups/MAT_Groups_Float.uasset" 64
"../../../Engine/Content/EditorMaterials/MatineeGroups/MAT_Groups_Float.uexp" 65
"../../../Engine/Content/EditorMaterials/MatineeGroups/MAT_Groups_Move.uasset" 66
"../../../Engine/Content/EditorMaterials/MatineeGroups/MAT_Groups_Move.uexp" 67
"../../../Engine/Content/EditorMaterials/MatineeGroups/MAT_Groups_Slomo.uasset" 68
"../../../Engine/Content/EditorMaterials/MatineeGroups/MAT_Groups_Slomo.uexp" 69
"../../../Engine/Content/EditorMaterials/MatineeGroups/MAT_Groups_Sound.uasset" 70
"../../../Engine/Content/EditorMaterials/MatineeGroups/MAT_Groups_Sound.uexp" 71
"../../../Engine/Content/EditorMaterials/MatineeGroups/MAT_Groups_Vector.uasset" 72
"../../../Engine/Content/EditorMaterials/MatineeGroups/MAT_Groups_Vector.uexp" 73
"../../../Engine/Content/EditorMaterials/ParticleSystems/PSysThumbnail_NoImage.uasset" 74
"../../../Engine/Content/EditorMaterials/ParticleSystems/PSysThumbnail_NoImage.uexp" 75
"../../../Engine/Content/EditorMaterials/ParticleSystems/PSysThumbnail_NoImage.ubulk" 76
"../../../Engine/Content/EditorMaterials/ParticleSystems/PSysThumbnail_OOD.uasset" 77
"../../../Engine/Content/EditorMaterials/ParticleSystems/PSysThumbnail_OOD.uexp" 78
"../../../Engine/Content/EditorMaterials/ParticleSystems/PSysThumbnail_OOD.ubulk" 79
"../../../Engine/Content/EditorMaterials/Camera/CineMat.uasset" 80
"../../../Engine/Content/EditorMaterials/Camera/CineMat.uexp" 81
"../../../Engine/Content/EditorMaterials/Camera/MI_CineMat_Rig.uasset" 82
"../../../Engine/Content/EditorMaterials/Camera/MI_CineMat_Rig.uexp" 83
"../../../Engine/Content/EditorMeshes/Camera/SM_CraneRig_Arm.uasset" 84
"../../../Engine/Content/EditorMeshes/Camera/SM_CraneRig_Arm.uexp" 85
"../../../Engine/Content/EditorMeshes/Camera/SM_CraneRig_Base.uasset" 86
"../../../Engine/Content/EditorMeshes/Camera/SM_CraneRig_Base.uexp" 87
"../../../Engine/Content/EditorMeshes/Camera/SM_CraneRig_Body.uasset" 88
"../../../Engine/Content/EditorMeshes/Camera/SM_CraneRig_Body.uexp" 89
"../../../Engine/Content/EditorMeshes/Camera/SM_CraneRig_Mount.uasset" 90
"../../../Engine/Content/EditorMeshes/Camera/SM_CraneRig_Mount.uexp" 91
"../../../Engine/Content/EditorMeshes/Camera/SM_RailRig_Mount.uasset" 92
"../../../Engine/Content/EditorMeshes/Camera/SM_RailRig_Mount.uexp" 93
"../../../Engine/Content/EditorMeshes/Camera/SM_RailRig_Track.uasset" 94
"../../../Engine/Content/EditorMeshes/Camera/SM_RailRig_Track.uexp" 95
"../../../Engine/Content/EditorResources/BSPVertex.uasset" 96
"../../../Engine/Content/EditorResources/BSPVertex.uexp" 97
"../../../Engine/Content/EditorResources/S_Actor.uasset" 98
"../../../Engine/Content/EditorResources/S_Actor.uexp" 99
"../../../Engine/Content/EditorResources/S_Actor.ubulk" 100
"../../../Engine/Content/EditorResources/S_Note.uasset" 101
"../../../Engine/Content/EditorResources/S_Note.uexp" 102
"../../../Engine/Content/EditorResources/S_Note.ubulk" 103
"../../../Engine/Content/EditorResources/S_Solver.uasset" 104
"../../../Engine/Content/EditorResources/S_Solver.uexp" 105
"../../../Engine/Content/EditorResources/S_Solver.ubulk" 106
"../../../Engine/Content/EditorResources/S_Terrain.uasset" 107
"../../../Engine/Content/EditorResources/S_Terrain.uexp" 108
"../../../Engine/Content/EditorResources/S_Terrain.ubulk" 109
"../../../Engine/Content/EditorResources/S_Trigger.uasset" 110
"../../../Engine/Content/EditorResources/S_Trigger.uexp" 111
"../../../Engine/Content/EditorResources/S_Trigger.ubulk" 112
"../../../Engine/Content/EditorResources/SequenceRecorder/Countdown.uasset" 113
"../../../Engine/Content/EditorResources/SequenceRecorder/Countdown.uexp" 114
"../../../Engine/Content/EditorResources/SequenceRecorder/RecordingIndicator.uasset" 115
"../../../Engine/Content/EditorResources/SequenceRecorder/RecordingIndicator.uexp" 116
"../../../Engine/Content/EngineDamageTypes/DmgTypeBP_Environmental.uasset" 117
"../../../Engine/Content/EngineDamageTypes/DmgTypeBP_Environmental.uexp" 118
"../../../Engine/Content/EngineDebugMaterials/DebugEditorMaterial.uasset" 119
"../../../Engine/Content/EngineDebugMaterials/DebugEditorMaterial.uexp" 120
"../../../Engine/Content/EngineDebugMaterials/DebugMeshMaterial.uasset" 121
"../../../Engine/Content/EngineDebugMaterials/DebugMeshMaterial.uexp" 122
"../../../Engine/Content/EngineDebugMaterials/M_SimpleUnlitTranslucent.uasset" 123
"../../../Engine/Content/EngineDebugMaterials/M_SimpleUnlitTranslucent.uexp" 124
"../../../Engine/Content/EngineDebugMaterials/VolumeToRender.uasset" 125
"../../../Engine/Content/EngineDebugMaterials/VolumeToRender.uexp" 126
"../../../Engine/Content/Functions/Engine_MaterialFunctions02/Utility/CameraDirectionVector.uasset" 127
"../../../Engine/Content/Functions/Engine_MaterialFunctions02/Utility/CameraDirectionVector.uexp" 128
"../../../Engine/Content/EngineDebugMaterials/M_VolumeRenderSphereTracePP.uasset" 129
"../../../Engine/Content/EngineDebugMaterials/M_VolumeRenderSphereTracePP.uexp" 130
"../../../Engine/Content/Functions/Engine_MaterialFunctions01/Shading/ConvertFromDiffSpec.uasset" 131
"../../../Engine/Content/Functions/Engine_MaterialFunctions01/Shading/ConvertFromDiffSpec.uexp" 132
"../../../Engine/Content/EngineDebugMaterials/VertexColorMaterial.uasset" 133
"../../../Engine/Content/EngineDebugMaterials/VertexColorMaterial.uexp" 134
"../../../Engine/Content/EngineDebugMaterials/WireframeMaterial.uasset" 135
"../../../Engine/Content/EngineDebugMaterials/WireframeMaterial.uexp" 136
"../../../Engine/Content/EngineFonts/Faces/RobotoRegular.uasset" 137
"../../../Engine/Content/EngineFonts/Faces/RobotoRegular.uexp" 138
"../../../Engine/Content/EngineFonts/Faces/RobotoRegular.ufont" 139
"../../../Engine/Content/EngineFonts/Faces/RobotoLight.uasset" 140
"../../../Engine/Content/EngineFonts/Faces/RobotoLight.uexp" 141
"../../../Engine/Content/EngineFonts/Faces/RobotoLight.ufont" 142
"../../../Engine/Content/EngineFonts/Faces/RobotoItalic.uasset" 143
"../../../Engine/Content/EngineFonts/Faces/RobotoItalic.uexp" 144
"../../../Engine/Content/EngineFonts/Faces/RobotoItalic.ufont" 145
"../../../Engine/Content/EngineFonts/Faces/RobotoBoldItalic.uasset" 146
"../../../Engine/Content/EngineFonts/Faces/RobotoBoldItalic.uexp" 147
"../../../Engine/Content/EngineFonts/Faces/RobotoBoldItalic.ufont" 148
"../../../Engine/Content/EngineFonts/Faces/RobotoBold.uasset" 149
"../../../Engine/Content/EngineFonts/Faces/RobotoBold.uexp" 150
"../../../Engine/Content/EngineFonts/Faces/RobotoBold.ufont" 151
"../../../Engine/Content/EngineFonts/Faces/DroidSansFallback.uasset" 152
"../../../Engine/Content/EngineFonts/Faces/DroidSansFallback.uexp" 153
"../../../Engine/Content/EngineFonts/Faces/DroidSansFallback.ufont" 154
"../../../Engine/Content/EngineFonts/Roboto.uasset" 155
"../../../Engine/Content/EngineFonts/Roboto.uexp" 156
"../../../Engine/Content/EngineMaterials/BaseFlattenNormalMap.uasset" 157
"../../../Engine/Content/EngineMaterials/BaseFlattenNormalMap.uexp" 158
"../../../Engine/Content/EngineMaterials/BaseFlattenGrayscaleMap.uasset" 159
"../../../Engine/Content/EngineMaterials/BaseFlattenGrayscaleMap.uexp" 160
"../../../Engine/Content/EngineMaterials/BaseFlattenEmissiveMap.uasset" 161
"../../../Engine/Content/EngineMaterials/BaseFlattenEmissiveMap.uexp" 162
"../../../Engine/Content/EngineMaterials/BaseFlattenDiffuseMap.uasset" 163
"../../../Engine/Content/EngineMaterials/BaseFlattenDiffuseMap.uexp" 164
"../../../Engine/Content/EngineMaterials/BaseFlattenMaterial.uasset" 165
"../../../Engine/Content/EngineMaterials/BaseFlattenMaterial.uexp" 166
"../../../Engine/Content/EngineMaterials/BlueNoise.uasset" 167
"../../../Engine/Content/EngineMaterials/BlueNoise.uexp" 168
"../../../Engine/Content/EngineMaterials/DefaultBloomKernel.uasset" 169
"../../../Engine/Content/EngineMaterials/DefaultBloomKernel.uexp" 170
"../../../Engine/Content/EngineMaterials/DefaultBokeh.uasset" 171
"../../../Engine/Content/EngineMaterials/DefaultBokeh.uexp" 172
"../../../Engine/Content/EngineMaterials/DefaultDiffuse.uasset" 173
"../../../Engine/Content/EngineMaterials/DefaultDiffuse.uexp" 174
"../../../Engine/Content/EngineMaterials/DefaultDiffuse.ubulk" 175
"../../../Engine/Content/EngineMaterials/DefaultDeferredDecalMaterial.uasset" 176
"../../../Engine/Content/EngineMaterials/DefaultDeferredDecalMaterial.uexp" 177
"../../../Engine/Content/EngineMaterials/DefaultLightFunctionMaterial.uasset" 178
"../../../Engine/Content/EngineMaterials/DefaultLightFunctionMaterial.uexp" 179
"../../../Engine/Content/EngineMaterials/DefaultPhysicalMaterial.uasset" 180
"../../../Engine/Content/EngineMaterials/DefaultPhysicalMaterial.uexp" 181
"../../../Engine/Content/Functions/Engine_MaterialFunctions02/Utility/BreakOutFloat2Components.uasset" 182
"../../../Engine/Content/Functions/Engine_MaterialFunctions02/Utility/BreakOutFloat2Components.uexp" 183
"../../../Engine/Content/EngineMaterials/DefaultPostProcessMaterial.uasset" 184
"../../../Engine/Content/EngineMaterials/DefaultPostProcessMaterial.uexp" 185
"../../../Engine/Content/EngineFonts/RobotoDistanceField.uasset" 186
"../../../Engine/Content/EngineFonts/RobotoDistanceField.uexp" 187
"../../../Engine/Content/EngineMaterials/DefaultTextMaterialOpaque.uasset" 188
"../../../Engine/Content/EngineMaterials/DefaultTextMaterialOpaque.uexp" 189
"../../../Engine/Content/EngineMaterials/DefaultWhiteGrid.uasset" 190
"../../../Engine/Content/EngineMaterials/DefaultWhiteGrid.uexp" 191
"../../../Engine/Content/EngineMaterials/DefaultWhiteGrid.ubulk" 192
"../../../Engine/Content/EngineMaterials/DefaultWhiteGrid_Low.uasset" 193
"../../../Engine/Content/EngineMaterials/DefaultWhiteGrid_Low.uexp" 194
"../../../Engine/Content/EngineMaterials/EmissiveMeshMaterial.uasset" 195
"../../../Engine/Content/EngineMaterials/EmissiveMeshMaterial.uexp" 196
"../../../Engine/Content/EngineMaterials/GizmoMaterial.uasset" 197
"../../../Engine/Content/EngineMaterials/GizmoMaterial.uexp" 198
"../../../Engine/Content/EngineMaterials/Good64x64TilingNoiseHighFreq.uasset" 199
"../../../Engine/Content/EngineMaterials/Good64x64TilingNoiseHighFreq.uexp" 200
"../../../Engine/Content/EngineMaterials/MiniFont.uasset" 201
"../../../Engine/Content/EngineMaterials/MiniFont.uexp" 202
"../../../Engine/Content/EngineMaterials/InvalidLightmapSettings.uasset" 203
"../../../Engine/Content/EngineMaterials/InvalidLightmapSettings.uexp" 204
"../../../Engine/Content/EngineMaterials/InvalidLightmapSettings.ubulk" 205
"../../../Engine/Content/EngineMaterials/M_InvalidLightmapSettings.uasset" 206
"../../../Engine/Content/EngineMaterials/M_InvalidLightmapSettings.uexp" 207
"../../../Engine/Content/Functions/Engine_MaterialFunctions02/WorldPositionOffset/CameraOffset.uasset" 208
"../../../Engine/Content/Functions/Engine_MaterialFunctions02/WorldPositionOffset/CameraOffset.uexp" 209
"../../../Engine/Content/EngineMaterials/PhAT_JointLimitMaterial.uasset" 210
"../../../Engine/Content/EngineMaterials/PhAT_JointLimitMaterial.uexp" 211
"../../../Engine/Content/EngineMaterials/DefaultCalibrationColor.uasset" 212
"../../../Engine/Content/EngineMaterials/DefaultCalibrationColor.uexp" 213
"../../../Engine/Content/EngineMaterials/PPM_DefaultCalibrationColor.uasset" 214
"../../../Engine/Content/EngineMaterials/PPM_DefaultCalibrationColor.uexp" 215
"../../../Engine/Content/EngineMaterials/DefaultCalibrationGrayscale.uasset" 216
"../../../Engine/Content/EngineMaterials/DefaultCalibrationGrayscale.uexp" 217
"../../../Engine/Content/EngineMaterials/PPM_DefaultCalibrationGrayscale.uasset" 218
"../../../Engine/Content/EngineMaterials/PPM_DefaultCalibrationGrayscale.uexp" 219
"../../../Engine/Content/EngineMaterials/PreintegratedSkinBRDF.uasset" 220
"../../../Engine/Content/EngineMaterials/PreintegratedSkinBRDF.uexp" 221
"../../../Engine/Content/EngineMaterials/RemoveSurfaceMaterial.uasset" 222
"../../../Engine/Content/EngineMaterials/RemoveSurfaceMaterial.uexp" 223
"../../../Engine/Content/EngineMaterials/WeightMapPlaceholderTexture.uasset" 224
"../../../Engine/Content/EngineMaterials/WeightMapPlaceholderTexture.uexp" 225
"../../../Engine/Content/EngineResources/WhiteSquareTexture.uasset" 226
"../../../Engine/Content/EngineResources/WhiteSquareTexture.uexp" 227
"../../../Engine/Content/EngineMaterials/Widget3DPassThrough.uasset" 228
"../../../Engine/Content/EngineMaterials/Widget3DPassThrough.uexp" 229
"../../../Engine/Content/EngineMaterials/Widget3DPassThrough_Masked.uasset" 230
"../../../Engine/Content/EngineMaterials/Widget3DPassThrough_Masked.uexp" 231
"../../../Engine/Content/EngineMaterials/Widget3DPassThrough_Opaque.uasset" 232
"../../../Engine/Content/EngineMaterials/Widget3DPassThrough_Opaque.uexp" 233
"../../../Engine/Content/EngineMaterials/Widget3DPassThrough_Masked_OneSided.uasset" 234
"../../../Engine/Content/EngineMaterials/Widget3DPassThrough_Masked_OneSided.uexp" 235
"../../../Engine/Content/EngineMaterials/Widget3DPassThrough_Opaque_OneSided.uasset" 236
"../../../Engine/Content/EngineMaterials/Widget3DPassThrough_Opaque_OneSided.uexp" 237
"../../../Engine/Content/EngineMaterials/Widget3DPassThrough_Translucent.uasset" 238
"../../../Engine/Content/EngineMaterials/Widget3DPassThrough_Translucent.uexp" 239
"../../../Engine/Content/EngineMaterials/Widget3DPassThrough_Translucent_OneSided.uasset" 240
"../../../Engine/Content/EngineMaterials/Widget3DPassThrough_Translucent_OneSided.uexp" 241
"../../../Engine/Content/EngineMeshes/Cube.uasset" 242
"../../../Engine/Content/EngineMeshes/Cube.uexp" 243
"../../../Engine/Content/EngineMeshes/Cylinder.uasset" 244
"../../../Engine/Content/EngineMeshes/Cylinder.uexp" 245
"../../../Engine/Content/EngineMeshes/Sphere.uasset" 246
"../../../Engine/Content/EngineMeshes/Sphere.uexp" 247
"../../../Engine/Content/EngineResources/DefaultTexture.uasset" 248
"../../../Engine/Content/EngineResources/DefaultTexture.uexp" 249
"../../../Engine/Content/EngineResources/DefaultTexture.ubulk" 250
"../../../Engine/Content/EngineResources/DefaultTextureCube.uasset" 251
"../../../Engine/Content/EngineResources/DefaultTextureCube.uexp" 252
"../../../Engine/Content/EngineResources/DefaultVolumeTexture2D.uasset" 253
"../../../Engine/Content/EngineResources/DefaultVolumeTexture2D.uexp" 254
"../../../Engine/Content/EngineResources/DefaultVolumeTexture.uasset" 255
"../../../Engine/Content/EngineResources/DefaultVolumeTexture.uexp" 256
"../../../Engine/Content/EngineResources/GradientTexture0.uasset" 257
"../../../Engine/Content/EngineResources/GradientTexture0.uexp" 258
"../../../Engine/Content/EngineSky/VolumetricClouds/T_NoiseShape64.uasset" 259
"../../../Engine/Content/EngineSky/VolumetricClouds/T_NoiseShape64.uexp" 260
"../../../Engine/Content/EngineSky/VolumetricClouds/T_NoiseShape64.ubulk" 261
"../../../Engine/Content/EngineSky/VolumetricClouds/T_VolumeNoiseShape64.uasset" 262
"../../../Engine/Content/EngineSky/VolumetricClouds/T_VolumeNoiseShape64.uexp" 263
"../../../Engine/Content/EngineSky/VolumetricClouds/T_NoiseErosion.uasset" 264
"../../../Engine/Content/EngineSky/VolumetricClouds/T_NoiseErosion.uexp" 265
"../../../Engine/Content/EngineSky/VolumetricClouds/T_NoiseErosion.ubulk" 266
"../../../Engine/Content/EngineSky/VolumetricClouds/T_VolumeNoiseErosion32.uasset" 267
"../../../Engine/Content/EngineSky/VolumetricClouds/T_VolumeNoiseErosion32.uexp" 268
"../../../Engine/Content/EngineSky/VolumetricClouds/CloudWeatherTexture.uasset" 269
"../../../Engine/Content/EngineSky/VolumetricClouds/CloudWeatherTexture.uexp" 270
"../../../Engine/Content/EngineSky/VolumetricClouds/CloudGradientTexture.uasset" 271
"../../../Engine/Content/EngineSky/VolumetricClouds/CloudGradientTexture.uexp" 272
"../../../Engine/Content/Functions/Engine_MaterialFunctions02/Utility/MakeFloat2.uasset" 273
"../../../Engine/Content/Functions/Engine_MaterialFunctions02/Utility/MakeFloat2.uexp" 274
"../../../Engine/Content/EngineSky/VolumetricClouds/m_SimpleVolumetricCloud.uasset" 275
"../../../Engine/Content/EngineSky/VolumetricClouds/m_SimpleVolumetricCloud.uexp" 276
"../../../Engine/Content/EngineSky/VolumetricClouds/m_SimpleVolumetricCloud_Inst.uasset" 277
"../../../Engine/Content/EngineSky/VolumetricClouds/m_SimpleVolumetricCloud_Inst.uexp" 278
"../../../Engine/Content/EngineSounds/Master.uasset" 279
"../../../Engine/Content/EngineSounds/Master.uexp" 280
"../../../Engine/Content/Functions/Engine_MaterialFunctions01/Shading/PowerToRoughness.uasset" 281
"../../../Engine/Content/Functions/Engine_MaterialFunctions01/Shading/PowerToRoughness.uexp" 282
"../../../Engine/Content/Maps/Templates/Thumbnails/Default.uasset" 283
"../../../Engine/Content/Maps/Templates/Thumbnails/Default.uexp" 284
"../../../Engine/Content/Maps/Templates/Thumbnails/TimeOfDay.uasset" 285
"../../../Engine/Content/Maps/Templates/Thumbnails/TimeOfDay.uexp" 286
"../../../Engine/Content/Maps/Templates/Thumbnails/VR-Basic.uasset" 287
"../../../Engine/Content/Maps/Templates/Thumbnails/VR-Basic.uexp" 288
"../../../Engine/Content/MobileResources/T_MobileControls_texture.uasset" 289
"../../../Engine/Content/MobileResources/T_MobileControls_texture.uexp" 290
"../../../Engine/Content/MobileResources/T_MobileMenu2.uasset" 291
"../../../Engine/Content/MobileResources/T_MobileMenu2.uexp" 292
"../../../Engine/Content/MobileResources/HUD/AnalogHat.uasset" 293
"../../../Engine/Content/MobileResources/HUD/AnalogHat.uexp" 294
"../../../Engine/Content/MobileResources/HUD/VirtualJoystick_Thumb.uasset" 295
"../../../Engine/Content/MobileResources/HUD/VirtualJoystick_Thumb.uexp" 296
"../../../Engine/Content/MobileResources/HUD/VirtualJoystick_Background.uasset" 297
"../../../Engine/Content/MobileResources/HUD/VirtualJoystick_Background.uexp" 298
"../../../Engine/Content/MobileResources/HUD/DefaultVirtualJoysticks.uasset" 299
"../../../Engine/Content/MobileResources/HUD/DefaultVirtualJoysticks.uexp" 300
"../../../Engine/Content/MobileResources/HUD/LeftVirtualJoystickOnly.uasset" 301
"../../../Engine/Content/MobileResources/HUD/LeftVirtualJoystickOnly.uexp" 302
"../../../Engine/Content/MobileResources/HUD/MobileHUDButton1_off.uasset" 303
"../../../Engine/Content/MobileResources/HUD/MobileHUDButton1_off.uexp" 304
"../../../Engine/Content/MobileResources/HUD/MobileHUDButton1_on.uasset" 305
"../../../Engine/Content/MobileResources/HUD/MobileHUDButton1_on.uexp" 306
"../../../Engine/Content/MobileResources/HUD/MobileHUDButton2_off.uasset" 307
"../../../Engine/Content/MobileResources/HUD/MobileHUDButton2_off.uexp" 308
"../../../Engine/Content/MobileResources/HUD/MobileHUDButton2_on.uasset" 309
"../../../Engine/Content/MobileResources/HUD/MobileHUDButton2_on.uexp" 310
"../../../Engine/Content/MobileResources/HUD/MobileHUDButton3.uasset" 311
"../../../Engine/Content/MobileResources/HUD/MobileHUDButton3.uexp" 312
"../../../Engine/Content/MobileResources/HUD/MobileHUDButtonFire.uasset" 313
"../../../Engine/Content/MobileResources/HUD/MobileHUDButtonFire.uexp" 314
"../../../Engine/Content/MobileResources/HUD/MobileHUDDirectionPad.uasset" 315
"../../../Engine/Content/MobileResources/HUD/MobileHUDDirectionPad.uexp" 316
"../../../Engine/Content/MobileResources/HUD/MobileHUDDirectionPad2.uasset" 317
"../../../Engine/Content/MobileResources/HUD/MobileHUDDirectionPad2.uexp" 318
"../../../Engine/Content/MobileResources/HUD/MobileHUDDirectionPad3.uasset" 319
"../../../Engine/Content/MobileResources/HUD/MobileHUDDirectionPad3.uexp" 320
"../../../Engine/Content/MobileResources/HUD/MobileHUDDirectionStick.uasset" 321
"../../../Engine/Content/MobileResources/HUD/MobileHUDDirectionStick.uexp" 322
"../../../Engine/Content/MobileResources/HUD/T_Castle_ThumbstickInner.uasset" 323
"../../../Engine/Content/MobileResources/HUD/T_Castle_ThumbstickInner.uexp" 324
"../../../Engine/Content/MobileResources/HUD/T_Castle_ThumbstickOutter.uasset" 325
"../../../Engine/Content/MobileResources/HUD/T_Castle_ThumbstickOutter.uexp" 326
"../../../Engine/Content/Tutorial/ContentIntroCurve.uasset" 327
"../../../Engine/Content/Tutorial/ContentIntroCurve.uexp" 328
"../../../Engine/Content/Tutorial/Basics/TutorialAssets/icon_tab_Levels_40x.uasset" 329
"../../../Engine/Content/Tutorial/Basics/TutorialAssets/icon_tab_Levels_40x.uexp" 330
"../../../Engine/Content/Tutorial/Landscape/TutorialAssets/Landscape.uasset" 331
"../../../Engine/Content/Tutorial/Landscape/TutorialAssets/Landscape.uexp" 332
"../../../Engine/Content/EditorBlueprintResources/StandardMacros.uasset" 333
"../../../Engine/Content/EditorBlueprintResources/StandardMacros.uexp" 334
"../../../Engine/Content/Tutorial/SubEditors/TutorialAssets/TutorialMaterial.uasset" 335
"../../../Engine/Content/Tutorial/SubEditors/TutorialAssets/TutorialMaterial.uexp" 336
"../../../Engine/Content/VREditor/TransformGizmo/TranslucentTransformGizmoMaterial.uasset" 337
"../../../Engine/Content/VREditor/TransformGizmo/TranslucentTransformGizmoMaterial.uexp" 338
"../../../Engine/Content/VREditor/LaserPointer/VR_LaserPower_01.uasset" 339
"../../../Engine/Content/VREditor/LaserPointer/VR_LaserPower_01.uexp" 340
"../../../Engine/Content/VREditor/LaserPointer/VR_LaserPower_01.ubulk" 341
"../../../Engine/Content/VREditor/TransformGizmo/TransformGizmoMaterial.uasset" 342
"../../../Engine/Content/VREditor/TransformGizmo/TransformGizmoMaterial.uexp" 343
"../../../Engine/Content/VREditor/TransformGizmo/BoundingBoxCorner.uasset" 344
"../../../Engine/Content/VREditor/TransformGizmo/BoundingBoxCorner.uexp" 345
"../../../Engine/Content/VREditor/TransformGizmo/BoundingBoxEdge.uasset" 346
"../../../Engine/Content/VREditor/TransformGizmo/BoundingBoxEdge.uexp" 347
"../../../Engine/Content/VREditor/TransformGizmo/PlaneTranslationHandle.uasset" 348
"../../../Engine/Content/VREditor/TransformGizmo/PlaneTranslationHandle.uexp" 349
"../../../Engine/Content/VREditor/TransformGizmo/Xray.uasset" 350
"../../../Engine/Content/VREditor/TransformGizmo/Xray.uexp" 351
"../../../Engine/Content/VREditor/TransformGizmo/Main.uasset" 352
"../../../Engine/Content/VREditor/TransformGizmo/Main.uexp" 353
"../../../Engine/Content/VREditor/TransformGizmo/SM_Sequencer_Key.uasset" 354
"../../../Engine/Content/VREditor/TransformGizmo/SM_Sequencer_Key.uexp" 355
"../../../Engine/Content/VREditor/TransformGizmo/SM_Sequencer_Node.uasset" 356
"../../../Engine/Content/VREditor/TransformGizmo/SM_Sequencer_Node.uexp" 357
"../../../Engine/Plugins/2D/Paper2D/Content/PlaceholderTextures/DummySpriteTexture.uasset" 358
"../../../Engine/Plugins/2D/Paper2D/Content/PlaceholderTextures/DummySpriteTexture.uexp" 359
"../../../Engine/Plugins/2D/Paper2D/Content/PlaceholderTextures/DummySpriteTexture.ubulk" 360
"../../../Engine/Plugins/2D/Paper2D/Content/DummySprite.uasset" 361
"../../../Engine/Plugins/2D/Paper2D/Content/DummySprite.uexp" 362
"../../../Engine/Plugins/2D/Paper2D/Content/DefaultPaperTerrainMaterial.uasset" 363
"../../../Engine/Plugins/2D/Paper2D/Content/DefaultPaperTerrainMaterial.uexp" 364
"../../../Engine/Plugins/2D/Paper2D/Content/DefaultSpriteMaterial.uasset" 365
"../../../Engine/Plugins/2D/Paper2D/Content/DefaultSpriteMaterial.uexp" 366
"../../../Engine/Plugins/2D/Paper2D/Content/MaskedUnlitSpriteMaterial.uasset" 367
"../../../Engine/Plugins/2D/Paper2D/Content/MaskedUnlitSpriteMaterial.uexp" 368
"../../../Engine/Plugins/2D/Paper2D/Content/OpaqueUnlitSpriteMaterial.uasset" 369
"../../../Engine/Plugins/2D/Paper2D/Content/OpaqueUnlitSpriteMaterial.uexp" 370
"../../../Engine/Content/Functions/Engine_MaterialFunctions02/Utility/BreakOutFloat3Components.uasset" 371
"../../../Engine/Content/Functions/Engine_MaterialFunctions02/Utility/BreakOutFloat3Components.uexp" 372
"../../../Engine/Plugins/Editor/SpeedTreeImporter/Content/SpeedTree9/UnpackInteger3.uasset" 373
"../../../Engine/Plugins/Editor/SpeedTreeImporter/Content/SpeedTree9/UnpackInteger3.uexp" 374
"../../../Engine/Plugins/Editor/SpeedTreeImporter/Content/SpeedTree9/UnpackDirection.uasset" 375
"../../../Engine/Plugins/Editor/SpeedTreeImporter/Content/SpeedTree9/UnpackDirection.uexp" 376
"../../../Engine/Plugins/Editor/SpeedTreeImporter/Content/SpeedTree9/game_wind_noise.uasset" 377
"../../../Engine/Plugins/Editor/SpeedTreeImporter/Content/SpeedTree9/game_wind_noise.uexp" 378
"../../../Engine/Plugins/Editor/SpeedTreeImporter/Content/SpeedTree9/game_wind_noise.ubulk" 379
"../../../Engine/Content/Functions/Engine_MaterialFunctions02/SafeNormalize.uasset" 380
"../../../Engine/Content/Functions/Engine_MaterialFunctions02/SafeNormalize.uexp" 381
"../../../Engine/Plugins/Editor/SpeedTreeImporter/Content/SpeedTree9/SpeedTreeWindMotion.uasset" 382
"../../../Engine/Plugins/Editor/SpeedTreeImporter/Content/SpeedTree9/SpeedTreeWindMotion.uexp" 383
"../../../Engine/Plugins/Editor/SpeedTreeImporter/Content/SpeedTree9/SpeedTreeBranchMotion.uasset" 384
"../../../Engine/Plugins/Editor/SpeedTreeImporter/Content/SpeedTree9/SpeedTreeBranchMotion.uexp" 385
"../../../Engine/Content/Functions/Engine_MaterialFunctions02/ObjectLocalBounds.uasset" 386
"../../../Engine/Content/Functions/Engine_MaterialFunctions02/ObjectLocalBounds.uexp" 387
"../../../Engine/Content/Functions/Engine_MaterialFunctions02/UVs/BoundingBoxBased_0-1_UVW.uasset" 388
"../../../Engine/Content/Functions/Engine_MaterialFunctions02/UVs/BoundingBoxBased_0-1_UVW.uexp" 389
"../../../Engine/Content/Functions/Engine_MaterialFunctions02/Utility/VectorLength.uasset" 390
"../../../Engine/Content/Functions/Engine_MaterialFunctions02/Utility/VectorLength.uexp" 391
"../../../Engine/Content/Functions/Engine_MaterialFunctions02/WorldPositionOffset/ObjectScale.uasset" 392
"../../../Engine/Content/Functions/Engine_MaterialFunctions02/WorldPositionOffset/ObjectScale.uexp" 393
"../../../Engine/Plugins/Editor/SpeedTreeImporter/Content/SpeedTree9/SpeedTreeWind.uasset" 394
"../../../Engine/Plugins/Editor/SpeedTreeImporter/Content/SpeedTree9/SpeedTreeWind.uexp" 395
"../../../Engine/Plugins/Editor/SpeedTreeImporter/Content/SpeedTree9/SpeedTreeBillboard.uasset" 396
"../../../Engine/Plugins/Editor/SpeedTreeImporter/Content/SpeedTree9/SpeedTreeBillboard.uexp" 397
"../../../Engine/Plugins/Editor/SpeedTreeImporter/Content/SpeedTree9/EmptyNormal.uasset" 398
"../../../Engine/Plugins/Editor/SpeedTreeImporter/Content/SpeedTree9/EmptyNormal.uexp" 399
"../../../Engine/Plugins/Editor/SpeedTreeImporter/Content/SpeedTree9/Empty.uasset" 400
"../../../Engine/Plugins/Editor/SpeedTreeImporter/Content/SpeedTree9/Empty.uexp" 401
"../../../Engine/Plugins/Editor/SpeedTreeImporter/Content/SpeedTree9/SpeedTreeBillboardMaster.uasset" 402
"../../../Engine/Plugins/Editor/SpeedTreeImporter/Content/SpeedTree9/SpeedTreeBillboardMaster.uexp" 403
"../../../Engine/Plugins/Editor/SpeedTreeImporter/Content/SpeedTree9/SpeedTreeCameraFacing.uasset" 404
"../../../Engine/Plugins/Editor/SpeedTreeImporter/Content/SpeedTree9/SpeedTreeCameraFacing.uexp" 405
"../../../Engine/Plugins/Editor/SpeedTreeImporter/Content/SpeedTree9/SpeedTreeMaster.uasset" 406
"../../../Engine/Plugins/Editor/SpeedTreeImporter/Content/SpeedTree9/SpeedTreeMaster.uexp" 407
"../../../Engine/Plugins/Runtime/OpenXR/Content/Devices/GoogleDaydream/MRTexture.uasset" 408
"../../../Engine/Plugins/Runtime/OpenXR/Content/Devices/GoogleDaydream/MRTexture.uexp" 409
"../../../Engine/Plugins/Runtime/OpenXR/Content/Devices/GoogleDaydream/MRTexture.ubulk" 410
"../../../Engine/Plugins/Runtime/OpenXR/Content/Devices/GoogleDaydream/BaseTexture.uasset" 411
"../../../Engine/Plugins/Runtime/OpenXR/Content/Devices/GoogleDaydream/BaseTexture.uexp" 412
"../../../Engine/Plugins/Runtime/OpenXR/Content/Devices/GoogleDaydream/BaseTexture.ubulk" 413
"../../../Engine/Content/EngineResources/Black.uasset" 414
"../../../Engine/Content/EngineResources/Black.uexp" 415
"../../../Engine/Plugins/Runtime/OpenXR/Content/Devices/M_XRController.uasset" 416
"../../../Engine/Plugins/Runtime/OpenXR/Content/Devices/M_XRController.uexp" 417
"../../../Engine/Plugins/Runtime/OpenXR/Content/Devices/GoogleDaydream/MI_GoogleDaydream.uasset" 418
"../../../Engine/Plugins/Runtime/OpenXR/Content/Devices/GoogleDaydream/MI_GoogleDaydream.uexp" 419
"../../../Engine/Plugins/Runtime/OpenXR/Content/Devices/GoogleDaydream/GoogleDaydreamController.uasset" 420
"../../../Engine/Plugins/Runtime/OpenXR/Content/Devices/GoogleDaydream/GoogleDaydreamController.uexp" 421
"../../../Engine/Plugins/Runtime/OpenXR/Content/Devices/HTCVive/BaseTexture.uasset" 422
"../../../Engine/Plugins/Runtime/OpenXR/Content/Devices/HTCVive/BaseTexture.uexp" 423
"../../../Engine/Plugins/Runtime/OpenXR/Content/Devices/HTCVive/BaseTexture.ubulk" 424
"../../../Engine/Plugins/Runtime/OpenXR/Content/Devices/HTCVive/MI_HTCVive.uasset" 425
"../../../Engine/Plugins/Runtime/OpenXR/Content/Devices/HTCVive/MI_HTCVive.uexp" 426
"../../../Engine/Plugins/Runtime/OpenXR/Content/Devices/HTCVive/HTCViveController.uasset" 427
"../../../Engine/Plugins/Runtime/OpenXR/Content/Devices/HTCVive/HTCViveController.uexp" 428
"../../../Engine/Plugins/Runtime/OpenXR/Content/Devices/MicrosoftMixedReality/NormalTexture.uasset" 429
"../../../Engine/Plugins/Runtime/OpenXR/Content/Devices/MicrosoftMixedReality/NormalTexture.uexp" 430
"../../../Engine/Plugins/Runtime/OpenXR/Content/Devices/MicrosoftMixedReality/NormalTexture.ubulk" 431
"../../../Engine/Plugins/Runtime/OpenXR/Content/Devices/MicrosoftMixedReality/MRTexture.uasset" 432
"../../../Engine/Plugins/Runtime/OpenXR/Content/Devices/MicrosoftMixedReality/MRTexture.uexp" 433
"../../../Engine/Plugins/Runtime/OpenXR/Content/Devices/MicrosoftMixedReality/MRTexture.ubulk" 434
"../../../Engine/Plugins/Runtime/OpenXR/Content/Devices/MicrosoftMixedReality/EmissiveTexture.uasset" 435
"../../../Engine/Plugins/Runtime/OpenXR/Content/Devices/MicrosoftMixedReality/EmissiveTexture.uexp" 436
"../../../Engine/Plugins/Runtime/OpenXR/Content/Devices/MicrosoftMixedReality/EmissiveTexture.ubulk" 437
"../../../Engine/Plugins/Runtime/OpenXR/Content/Devices/MicrosoftMixedReality/BaseTexture.uasset" 438
"../../../Engine/Plugins/Runtime/OpenXR/Content/Devices/MicrosoftMixedReality/BaseTexture.uexp" 439
"../../../Engine/Plugins/Runtime/OpenXR/Content/Devices/MicrosoftMixedReality/BaseTexture.ubulk" 440
"../../../Engine/Plugins/Runtime/OpenXR/Content/Devices/MicrosoftMixedReality/MI_MicrosoftMixedReality.uasset" 441
"../../../Engine/Plugins/Runtime/OpenXR/Content/Devices/MicrosoftMixedReality/MI_MicrosoftMixedReality.uexp" 442
"../../../Engine/Plugins/Runtime/OpenXR/Content/Devices/MicrosoftMixedReality/Left/left_MicrosoftMixedRealityController.uasset" 443
"../../../Engine/Plugins/Runtime/OpenXR/Content/Devices/MicrosoftMixedReality/Left/left_MicrosoftMixedRealityController.uexp" 444
"../../../Engine/Plugins/Runtime/OpenXR/Content/Devices/MicrosoftMixedReality/Right/right_MicrosoftMixedRealityController.uasset" 445
"../../../Engine/Plugins/Runtime/OpenXR/Content/Devices/MicrosoftMixedReality/Right/right_MicrosoftMixedRealityController.uexp" 446
"../../../Engine/Plugins/Runtime/OpenXR/Content/Devices/OculusGo/BaseTexture.uasset" 447
"../../../Engine/Plugins/Runtime/OpenXR/Content/Devices/OculusGo/BaseTexture.uexp" 448
"../../../Engine/Plugins/Runtime/OpenXR/Content/Devices/OculusGo/BaseTexture.ubulk" 449
"../../../Engine/Plugins/Runtime/OpenXR/Content/Devices/OculusGo/MI_OculusGo.uasset" 450
"../../../Engine/Plugins/Runtime/OpenXR/Content/Devices/OculusGo/MI_OculusGo.uexp" 451
"../../../Engine/Plugins/Runtime/OpenXR/Content/Devices/OculusGo/OculusGoController.uasset" 452
"../../../Engine/Plugins/Runtime/OpenXR/Content/Devices/OculusGo/OculusGoController.uexp" 453
"../../../Engine/Plugins/Runtime/OpenXR/Content/Devices/OculusTouch/MRTexture.uasset" 454
"../../../Engine/Plugins/Runtime/OpenXR/Content/Devices/OculusTouch/MRTexture.uexp" 455
"../../../Engine/Plugins/Runtime/OpenXR/Content/Devices/OculusTouch/MRTexture.ubulk" 456
"../../../Engine/Plugins/Runtime/OpenXR/Content/Devices/OculusTouch/BaseTexture.uasset" 457
"../../../Engine/Plugins/Runtime/OpenXR/Content/Devices/OculusTouch/BaseTexture.uexp" 458
"../../../Engine/Plugins/Runtime/OpenXR/Content/Devices/OculusTouch/BaseTexture.ubulk" 459
"../../../Engine/Plugins/Runtime/OpenXR/Content/Devices/OculusTouch/MI_OculusTouch.uasset" 460
"../../../Engine/Plugins/Runtime/OpenXR/Content/Devices/OculusTouch/MI_OculusTouch.uexp" 461
"../../../Engine/Plugins/Runtime/OpenXR/Content/Devices/OculusTouch/Left/left_OculusTouchController.uasset" 462
"../../../Engine/Plugins/Runtime/OpenXR/Content/Devices/OculusTouch/Left/left_OculusTouchController.uexp" 463
"../../../Engine/Plugins/Runtime/OpenXR/Content/Devices/OculusTouch/Right/right_OculusTouchController.uasset" 464
"../../../Engine/Plugins/Runtime/OpenXR/Content/Devices/OculusTouch/Right/right_OculusTouchController.uexp" 465
"../../../Engine/Plugins/Runtime/OpenXR/Content/Devices/OculusTouch_v2/MRTexture.uasset" 466
"../../../Engine/Plugins/Runtime/OpenXR/Content/Devices/OculusTouch_v2/MRTexture.uexp" 467
"../../../Engine/Plugins/Runtime/OpenXR/Content/Devices/OculusTouch_v2/MRTexture.ubulk" 468
"../../../Engine/Plugins/Runtime/OpenXR/Content/Devices/OculusTouch_v2/BaseTexture.uasset" 469
"../../../Engine/Plugins/Runtime/OpenXR/Content/Devices/OculusTouch_v2/BaseTexture.uexp" 470
"../../../Engine/Plugins/Runtime/OpenXR/Content/Devices/OculusTouch_v2/BaseTexture.ubulk" 471
"../../../Engine/Plugins/Runtime/OpenXR/Content/Devices/OculusTouch_v2/MI_OculusTouch_v2.uasset" 472
"../../../Engine/Plugins/Runtime/OpenXR/Content/Devices/OculusTouch_v2/MI_OculusTouch_v2.uexp" 473
"../../../Engine/Plugins/Runtime/OpenXR/Content/Devices/OculusTouch_v2/Left/left_OculusTouch_v2Controller.uasset" 474
"../../../Engine/Plugins/Runtime/OpenXR/Content/Devices/OculusTouch_v2/Left/left_OculusTouch_v2Controller.uexp" 475
"../../../Engine/Plugins/Runtime/OpenXR/Content/Devices/OculusTouch_v2/Right/right_OculusTouch_v2Controller.uasset" 476
"../../../Engine/Plugins/Runtime/OpenXR/Content/Devices/OculusTouch_v2/Right/right_OculusTouch_v2Controller.uexp" 477
"../../../Engine/Plugins/Runtime/OpenXR/Content/Devices/OculusTouch_v3/MRTexture.uasset" 478
"../../../Engine/Plugins/Runtime/OpenXR/Content/Devices/OculusTouch_v3/MRTexture.uexp" 479
"../../../Engine/Plugins/Runtime/OpenXR/Content/Devices/OculusTouch_v3/MRTexture.ubulk" 480
"../../../Engine/Plugins/Runtime/OpenXR/Content/Devices/OculusTouch_v3/BaseTexture.uasset" 481
"../../../Engine/Plugins/Runtime/OpenXR/Content/Devices/OculusTouch_v3/BaseTexture.uexp" 482
"../../../Engine/Plugins/Runtime/OpenXR/Content/Devices/OculusTouch_v3/BaseTexture.ubulk" 483
"../../../Engine/Plugins/Runtime/OpenXR/Content/Devices/OculusTouch_v3/MI_OculusTouch_v3.uasset" 484
"../../../Engine/Plugins/Runtime/OpenXR/Content/Devices/OculusTouch_v3/MI_OculusTouch_v3.uexp" 485
"../../../Engine/Plugins/Runtime/OpenXR/Content/Devices/OculusTouch_v3/Left/left_OculusTouch_v3Controller.uasset" 486
"../../../Engine/Plugins/Runtime/OpenXR/Content/Devices/OculusTouch_v3/Left/left_OculusTouch_v3Controller.uexp" 487
"../../../Engine/Plugins/Runtime/OpenXR/Content/Devices/OculusTouch_v3/Right/right_OculusTouch_v3Controller.uasset" 488
"../../../Engine/Plugins/Runtime/OpenXR/Content/Devices/OculusTouch_v3/Right/right_OculusTouch_v3Controller.uexp" 489
"../../../Engine/Plugins/Runtime/OpenXR/Content/Devices/ValveIndex/MRTexture.uasset" 490
"../../../Engine/Plugins/Runtime/OpenXR/Content/Devices/ValveIndex/MRTexture.uexp" 491
"../../../Engine/Plugins/Runtime/OpenXR/Content/Devices/ValveIndex/MRTexture.ubulk" 492
"../../../Engine/Plugins/Runtime/OpenXR/Content/Devices/ValveIndex/BaseTexture.uasset" 493
"../../../Engine/Plugins/Runtime/OpenXR/Content/Devices/ValveIndex/BaseTexture.uexp" 494
"../../../Engine/Plugins/Runtime/OpenXR/Content/Devices/ValveIndex/BaseTexture.ubulk" 495
"../../../Engine/Plugins/Runtime/OpenXR/Content/Devices/ValveIndex/Left/MI_left_ValveIndex.uasset" 496
"../../../Engine/Plugins/Runtime/OpenXR/Content/Devices/ValveIndex/Left/MI_left_ValveIndex.uexp" 497
"../../../Engine/Plugins/Runtime/OpenXR/Content/Devices/ValveIndex/Left/left_ValveIndexController.uasset" 498
"../../../Engine/Plugins/Runtime/OpenXR/Content/Devices/ValveIndex/Left/left_ValveIndexController.uexp" 499
"../../../Engine/Plugins/Runtime/OpenXR/Content/Devices/ValveIndex/Right/MI_right_ValveIndex.uasset" 500
"../../../Engine/Plugins/Runtime/OpenXR/Content/Devices/ValveIndex/Right/MI_right_ValveIndex.uexp" 501
"../../../Engine/Plugins/Runtime/OpenXR/Content/Devices/ValveIndex/Right/right_ValveIndexController.uasset" 502
"../../../Engine/Plugins/Runtime/OpenXR/Content/Devices/ValveIndex/Right/right_ValveIndexController.uexp" 503
"../../../Engine/Content/BasicShapes/Cylinder.uasset" 504
"../../../Engine/Content/BasicShapes/Cylinder.uexp" 505
"../../../Engine/Content/ArtTools/RenderToTexture/Materials/Debug/M_Emissive_Color.uasset" 506
"../../../Engine/Content/ArtTools/RenderToTexture/Materials/Debug/M_Emissive_Color.uexp" 507
"../../../Engine/Plugins/Lumin/MagicLeapPassableWorld/Content/MagicLeapARPinInfoActor.uasset" 508
"../../../Engine/Plugins/Lumin/MagicLeapPassableWorld/Content/MagicLeapARPinInfoActor.uexp" 509
"../../../Engine/Content/Functions/Engine_MaterialFunctions02/Utility/BreakOutFloat4Components.uasset" 510
"../../../Engine/Content/Functions/Engine_MaterialFunctions02/Utility/BreakOutFloat4Components.uexp" 511
"../../../Engine/Content/Functions/Engine_MaterialFunctions02/Utility/MakeFloat3.uasset" 512
"../../../Engine/Content/Functions/Engine_MaterialFunctions02/Utility/MakeFloat3.uexp" 513
"../../../Engine/Plugins/Runtime/Oculus/OculusVR/Content/Materials/OculusMR_ChromaKey.uasset" 514
"../../../Engine/Plugins/Runtime/Oculus/OculusVR/Content/Materials/OculusMR_ChromaKey.uexp" 515
"../../../Engine/Plugins/Runtime/Oculus/OculusVR/Content/Materials/OculusMR_OpaqueColoredMaterial.uasset" 516
"../../../Engine/Plugins/Runtime/Oculus/OculusVR/Content/Materials/OculusMR_OpaqueColoredMaterial.uexp" 517
"../../../Engine/Plugins/Runtime/Oculus/OculusVR/Content/Materials/PokeAHoleMaterial.uasset" 518
"../../../Engine/Plugins/Runtime/Oculus/OculusVR/Content/Materials/PokeAHoleMaterial.uexp" 519
"../../../Engine/Plugins/Runtime/Oculus/OculusVR/Content/Textures/touchController_controlmap.uasset" 520
"../../../Engine/Plugins/Runtime/Oculus/OculusVR/Content/Textures/touchController_controlmap.uexp" 521
"../../../Engine/Plugins/Runtime/Oculus/OculusVR/Content/Textures/touchController_controlmap.ubulk" 522
"../../../Engine/Plugins/Runtime/Oculus/OculusVR/Content/Textures/touchController_albedo.uasset" 523
"../../../Engine/Plugins/Runtime/Oculus/OculusVR/Content/Textures/touchController_albedo.uexp" 524
"../../../Engine/Plugins/Runtime/Oculus/OculusVR/Content/Textures/touchController_albedo.ubulk" 525
"../../../Engine/Plugins/Runtime/Oculus/OculusVR/Content/Materials/touchController_mat.uasset" 526
"../../../Engine/Plugins/Runtime/Oculus/OculusVR/Content/Materials/touchController_mat.uexp" 527
"../../../Engine/Plugins/Runtime/Oculus/OculusVR/Content/Meshes/LeftTouchController.uasset" 528
"../../../Engine/Plugins/Runtime/Oculus/OculusVR/Content/Meshes/LeftTouchController.uexp" 529
"../../../Engine/Plugins/Runtime/Oculus/OculusVR/Content/Textures/TouchForQuestRiftSController_albedo.uasset" 530
"../../../Engine/Plugins/Runtime/Oculus/OculusVR/Content/Textures/TouchForQuestRiftSController_albedo.uexp" 531
"../../../Engine/Plugins/Runtime/Oculus/OculusVR/Content/Textures/TouchForQuestRiftSController_albedo.ubulk" 532
"../../../Engine/Plugins/Runtime/Oculus/OculusVR/Content/Materials/TouchForQuestRiftSControllerMaterial.uasset" 533
"../../../Engine/Plugins/Runtime/Oculus/OculusVR/Content/Materials/TouchForQuestRiftSControllerMaterial.uexp" 534
"../../../Engine/Plugins/Runtime/Oculus/OculusVR/Content/Meshes/LeftTouchForQuestRiftSController.uasset" 535
"../../../Engine/Plugins/Runtime/Oculus/OculusVR/Content/Meshes/LeftTouchForQuestRiftSController.uexp" 536
"../../../Engine/Plugins/Runtime/Oculus/OculusVR/Content/Meshes/RiftHMD.uasset" 537
"../../../Engine/Plugins/Runtime/Oculus/OculusVR/Content/Meshes/RiftHMD.uexp" 538
"../../../Engine/Plugins/Runtime/Oculus/OculusVR/Content/Meshes/RightTouchController.uasset" 539
"../../../Engine/Plugins/Runtime/Oculus/OculusVR/Content/Meshes/RightTouchController.uexp" 540
"../../../Engine/Plugins/Runtime/Oculus/OculusVR/Content/Meshes/RightTouchForQuestRiftSController.uasset" 541
"../../../Engine/Plugins/Runtime/Oculus/OculusVR/Content/Meshes/RightTouchForQuestRiftSController.uexp" 542
"../../../Engine/Content/Maps/Entry_BuiltData.uasset" 543
"../../../Engine/Content/Maps/Entry_BuiltData.uexp" 544
"../../../Engine/Content/Maps/Entry.uexp" 545
"../../../Engine/Content/Maps/Entry.umap" 546
